# JRE version: OpenJDK Runtime Environment GraalVM CE 22.3.0 (17.0.5+8) (build 17.0.5+8-jvmci-22.3-b08)
# Java VM: OpenJDK 64-Bit Server VM GraalVM CE 22.3.0 (17.0.5+8-jvmci-22.3-b08, mixed mode, sharing, tiered, jvmci, jvmci compiler, compressed oops, compressed class ptrs, parallel gc, linux-amd64)
GC Precious Log:
 CPUs: 8 total, 1 available
 Memory: 1024M
 Large Page Support: Disabled
 NUMA Support: Disabled
 Compressed Oops: Enabled (32-bit)
 Alignments: Space 512K, Generation 512K, Heap 2M
 Heap Min Capacity: 100M
 Heap Initial Capacity: 100M
 Heap Max Capacity: 512M
 Pre-touch: Disabled
 Parallel Workers: 1
Heap:
 PSYoungGen      total 47104K, used 28671K [0x00000000f5580000, 0x00000000f9a00000, 0x0000000100000000)
  eden space 28672K, 99% used [0x00000000f5580000,0x00000000f717fff0,0x00000000f7180000)
  from space 18432K, 0% used [0x00000000f8800000,0x00000000f8800000,0x00000000f9a00000)
  to   space 15360K, 0% used [0x00000000f7180000,0x00000000f7180000,0x00000000f8080000)
 ParOldGen       total 349696K, used 349695K [0x00000000e0000000, 0x00000000f5580000, 0x00000000f5580000)
  object space 349696K, 99% used [0x00000000e0000000,0x00000000f557ffe0,0x00000000f5580000)
 Metaspace       used 53614K, committed 54400K, reserved 1097728K
  class space    used 5416K, committed 5760K, reserved 1048576K
GC Heap History (20 events):
Event: 1045.107 GC heap before
{Heap before GC invocations=860 (full 739):
 PSYoungGen      total 47104K, used 28672K [0x00000000f5580000, 0x00000000f9a00000, 0x0000000100000000)
  eden space 28672K, 100% used [0x00000000f5580000,0x00000000f7180000,0x00000000f7180000)
  from space 18432K, 0% used [0x00000000f8800000,0x00000000f8800000,0x00000000f9a00000)
  to   space 15360K, 0% used [0x00000000f7180000,0x00000000f7180000,0x00000000f8080000)
 ParOldGen       total 349696K, used 349695K [0x00000000e0000000, 0x00000000f5580000, 0x00000000f5580000)
  object space 349696K, 99% used [0x00000000e0000000,0x00000000f557ff88,0x00000000f5580000)
 Metaspace       used 53614K, committed 54400K, reserved 1097728K
  class space    used 5416K, committed 5760K, reserved 1048576K
}
Event: 1046.395 GC heap after
{Heap after GC invocations=860 (full 739):
 PSYoungGen      total 44032K, used 28671K [0x00000000f5580000, 0x00000000f9a00000, 0x0000000100000000)
  eden space 28672K, 99% used [0x00000000f5580000,0x00000000f717ffe0,0x00000000f7180000)
  from space 15360K, 0% used [0x00000000f7180000,0x00000000f7180000,0x00000000f8080000)
  to   space 18432K, 0% used [0x00000000f8800000,0x00000000f8800000,0x00000000f9a00000)
 ParOldGen       total 349696K, used 349695K [0x00000000e0000000, 0x00000000f5580000, 0x00000000f5580000)
  object space 349696K, 99% used [0x00000000e0000000,0x00000000f557ff88,0x00000000f5580000)
 Metaspace       used 53614K, committed 54400K, reserved 1097728K
  class space    used 5416K, committed 5760K, reserved 1048576K
}
Event: 1046.396 GC heap before
{Heap before GC invocations=861 (full 740):
 PSYoungGen      total 44032K, used 28672K [0x00000000f5580000, 0x00000000f9a00000, 0x0000000100000000)
  eden space 28672K, 100% used [0x00000000f5580000,0x00000000f7180000,0x00000000f7180000)
  from space 15360K, 0% used [0x00000000f7180000,0x00000000f7180000,0x00000000f8080000)
  to   space 18432K, 0% used [0x00000000f8800000,0x00000000f8800000,0x00000000f9a00000)
 ParOldGen       total 349696K, used 349695K [0x00000000e0000000, 0x00000000f5580000, 0x00000000f5580000)
  object space 349696K, 99% used [0x00000000e0000000,0x00000000f557ff88,0x00000000f5580000)
 Metaspace       used 53614K, committed 54400K, reserved 1097728K
  class space    used 5416K, committed 5760K, reserved 1048576K
}
Event: 1047.592 GC heap after
{Heap after GC invocations=861 (full 740):
 PSYoungGen      total 47104K, used 28671K [0x00000000f5580000, 0x00000000f9a00000, 0x0000000100000000)
  eden space 28672K, 99% used [0x00000000f5580000,0x00000000f717ffc0,0x00000000f7180000)
  from space 18432K, 0% used [0x00000000f8800000,0x00000000f8800000,0x00000000f9a00000)
  to   space 15360K, 0% used [0x00000000f7180000,0x00000000f7180000,0x00000000f8080000)
 ParOldGen       total 349696K, used 349695K [0x00000000e0000000, 0x00000000f5580000, 0x00000000f5580000)
  object space 349696K, 99% used [0x00000000e0000000,0x00000000f557ff88,0x00000000f5580000)
 Metaspace       used 53614K, committed 54400K, reserved 1097728K
  class space    used 5416K, committed 5760K, reserved 1048576K
}
Event: 1047.592 GC heap before
{Heap before GC invocations=862 (full 741):
 PSYoungGen      total 47104K, used 28672K [0x00000000f5580000, 0x00000000f9a00000, 0x0000000100000000)
  eden space 28672K, 100% used [0x00000000f5580000,0x00000000f7180000,0x00000000f7180000)
  from space 18432K, 0% used [0x00000000f8800000,0x00000000f8800000,0x00000000f9a00000)
  to   space 15360K, 0% used [0x00000000f7180000,0x00000000f7180000,0x00000000f8080000)
 ParOldGen       total 349696K, used 349695K [0x00000000e0000000, 0x00000000f5580000, 0x00000000f5580000)
  object space 349696K, 99% used [0x00000000e0000000,0x00000000f557ff88,0x00000000f5580000)
 Metaspace       used 53614K, committed 54400K, reserved 1097728K
  class space    used 5416K, committed 5760K, reserved 1048576K
}
Event: 1048.968 GC heap after
{Heap after GC invocations=862 (full 741):
 PSYoungGen      total 44032K, used 28671K [0x00000000f5580000, 0x00000000f9a00000, 0x0000000100000000)
  eden space 28672K, 99% used [0x00000000f5580000,0x00000000f717ffc0,0x00000000f7180000)
  from space 15360K, 0% used [0x00000000f7180000,0x00000000f7180000,0x00000000f8080000)
  to   space 18432K, 0% used [0x00000000f8800000,0x00000000f8800000,0x00000000f9a00000)
 ParOldGen       total 349696K, used 349695K [0x00000000e0000000, 0x00000000f5580000, 0x00000000f5580000)
  object space 349696K, 99% used [0x00000000e0000000,0x00000000f557ff88,0x00000000f5580000)
 Metaspace       used 53614K, committed 54400K, reserved 1097728K
  class space    used 5416K, committed 5760K, reserved 1048576K
}
Event: 1048.970 GC heap before
{Heap before GC invocations=863 (full 742):
 PSYoungGen      total 44032K, used 28672K [0x00000000f5580000, 0x00000000f9a00000, 0x0000000100000000)
  eden space 28672K, 100% used [0x00000000f5580000,0x00000000f7180000,0x00000000f7180000)
  from space 15360K, 0% used [0x00000000f7180000,0x00000000f7180000,0x00000000f8080000)
  to   space 18432K, 0% used [0x00000000f8800000,0x00000000f8800000,0x00000000f9a00000)
 ParOldGen       total 349696K, used 349695K [0x00000000e0000000, 0x00000000f5580000, 0x00000000f5580000)
  object space 349696K, 99% used [0x00000000e0000000,0x00000000f557ff88,0x00000000f5580000)
 Metaspace       used 53614K, committed 54400K, reserved 1097728K
  class space    used 5416K, committed 5760K, reserved 1048576K
}
Event: 1050.169 GC heap after
{Heap after GC invocations=863 (full 742):
 PSYoungGen      total 47104K, used 28671K [0x00000000f5580000, 0x00000000f9a00000, 0x0000000100000000)
  eden space 28672K, 99% used [0x00000000f5580000,0x00000000f717ffc0,0x00000000f7180000)
  from space 18432K, 0% used [0x00000000f8800000,0x00000000f8800000,0x00000000f9a00000)
  to   space 15360K, 0% used [0x00000000f7180000,0x00000000f7180000,0x00000000f8080000)
 ParOldGen       total 349696K, used 349695K [0x00000000e0000000, 0x00000000f5580000, 0x00000000f5580000)
  object space 349696K, 99% used [0x00000000e0000000,0x00000000f557ff88,0x00000000f5580000)
 Metaspace       used 53614K, committed 54400K, reserved 1097728K
  class space    used 5416K, committed 5760K, reserved 1048576K
}
Event: 1050.169 GC heap before
{Heap before GC invocations=864 (full 743):
 PSYoungGen      total 47104K, used 28672K [0x00000000f5580000, 0x00000000f9a00000, 0x0000000100000000)
  eden space 28672K, 100% used [0x00000000f5580000,0x00000000f7180000,0x00000000f7180000)
  from space 18432K, 0% used [0x00000000f8800000,0x00000000f8800000,0x00000000f9a00000)
  to   space 15360K, 0% used [0x00000000f7180000,0x00000000f7180000,0x00000000f8080000)
 ParOldGen       total 349696K, used 349695K [0x00000000e0000000, 0x00000000f5580000, 0x00000000f5580000)
  object space 349696K, 99% used [0x00000000e0000000,0x00000000f557ff88,0x00000000f5580000)
 Metaspace       used 53614K, committed 54400K, reserved 1097728K
  class space    used 5416K, committed 5760K, reserved 1048576K
}
Event: 1051.476 GC heap after
{Heap after GC invocations=864 (full 743):
 PSYoungGen      total 44032K, used 28671K [0x00000000f5580000, 0x00000000f9a00000, 0x0000000100000000)
  eden space 28672K, 99% used [0x00000000f5580000,0x00000000f717ffc0,0x00000000f7180000)
  from space 15360K, 0% used [0x00000000f7180000,0x00000000f7180000,0x00000000f8080000)
  to   space 18432K, 0% used [0x00000000f8800000,0x00000000f8800000,0x00000000f9a00000)
 ParOldGen       total 349696K, used 349695K [0x00000000e0000000, 0x00000000f5580000, 0x00000000f5580000)
  object space 349696K, 99% used [0x00000000e0000000,0x00000000f557ff88,0x00000000f5580000)
 Metaspace       used 53614K, committed 54400K, reserved 1097728K
  class space    used 5416K, committed 5760K, reserved 1048576K
}
Event: 1051.476 GC heap before
{Heap before GC invocations=865 (full 744):
 PSYoungGen      total 44032K, used 28671K [0x00000000f5580000, 0x00000000f9a00000, 0x0000000100000000)
  eden space 28672K, 99% used [0x00000000f5580000,0x00000000f717ffd8,0x00000000f7180000)
  from space 15360K, 0% used [0x00000000f7180000,0x00000000f7180000,0x00000000f8080000)
  to   space 18432K, 0% used [0x00000000f8800000,0x00000000f8800000,0x00000000f9a00000)
 ParOldGen       total 349696K, used 349695K [0x00000000e0000000, 0x00000000f5580000, 0x00000000f5580000)
  object space 349696K, 99% used [0x00000000e0000000,0x00000000f557ff88,0x00000000f5580000)
 Metaspace       used 53614K, committed 54400K, reserved 1097728K
  class space    used 5416K, committed 5760K, reserved 1048576K
}
Event: 1052.681 GC heap after
{Heap after GC invocations=865 (full 744):
 PSYoungGen      total 47104K, used 28671K [0x00000000f5580000, 0x00000000f9a00000, 0x0000000100000000)
  eden space 28672K, 99% used [0x00000000f5580000,0x00000000f717ffd8,0x00000000f7180000)
  from space 18432K, 0% used [0x00000000f8800000,0x00000000f8800000,0x00000000f9a00000)
  to   space 15360K, 0% used [0x00000000f7180000,0x00000000f7180000,0x00000000f8080000)
 ParOldGen       total 349696K, used 349695K [0x00000000e0000000, 0x00000000f5580000, 0x00000000f5580000)
  object space 349696K, 99% used [0x00000000e0000000,0x00000000f557ff88,0x00000000f5580000)
 Metaspace       used 53614K, committed 54400K, reserved 1097728K
  class space    used 5416K, committed 5760K, reserved 1048576K
}
Event: 1052.681 GC heap before
{Heap before GC invocations=866 (full 745):
 PSYoungGen      total 47104K, used 28671K [0x00000000f5580000, 0x00000000f9a00000, 0x0000000100000000)
  eden space 28672K, 99% used [0x00000000f5580000,0x00000000f717ffd8,0x00000000f7180000)
  from space 18432K, 0% used [0x00000000f8800000,0x00000000f8800000,0x00000000f9a00000)
  to   space 15360K, 0% used [0x00000000f7180000,0x00000000f7180000,0x00000000f8080000)
 ParOldGen       total 349696K, used 349695K [0x00000000e0000000, 0x00000000f5580000, 0x00000000f5580000)
  object space 349696K, 99% used [0x00000000e0000000,0x00000000f557ff88,0x00000000f5580000)
 Metaspace       used 53614K, committed 54400K, reserved 1097728K
  class space    used 5416K, committed 5760K, reserved 1048576K
}
Event: 1053.913 GC heap after
{Heap after GC invocations=866 (full 745):
 PSYoungGen      total 44032K, used 28671K [0x00000000f5580000, 0x00000000f9a00000, 0x0000000100000000)
  eden space 28672K, 99% used [0x00000000f5580000,0x00000000f717ffd8,0x00000000f7180000)
  from space 15360K, 0% used [0x00000000f7180000,0x00000000f7180000,0x00000000f8080000)
  to   space 18432K, 0% used [0x00000000f8800000,0x00000000f8800000,0x00000000f9a00000)
 ParOldGen       total 349696K, used 349695K [0x00000000e0000000, 0x00000000f5580000, 0x00000000f5580000)
  object space 349696K, 99% used [0x00000000e0000000,0x00000000f557ff88,0x00000000f5580000)
 Metaspace       used 53614K, committed 54400K, reserved 1097728K
  class space    used 5416K, committed 5760K, reserved 1048576K
}
Event: 1053.913 GC heap before
{Heap before GC invocations=867 (full 746):
 PSYoungGen      total 44032K, used 28671K [0x00000000f5580000, 0x00000000f9a00000, 0x0000000100000000)
  eden space 28672K, 99% used [0x00000000f5580000,0x00000000f717fff0,0x00000000f7180000)
  from space 15360K, 0% used [0x00000000f7180000,0x00000000f7180000,0x00000000f8080000)
  to   space 18432K, 0% used [0x00000000f8800000,0x00000000f8800000,0x00000000f9a00000)
 ParOldGen       total 349696K, used 349695K [0x00000000e0000000, 0x00000000f5580000, 0x00000000f5580000)
  object space 349696K, 99% used [0x00000000e0000000,0x00000000f557ffe8,0x00000000f5580000)
 Metaspace       used 53614K, committed 54400K, reserved 1097728K
  class space    used 5416K, committed 5760K, reserved 1048576K
}
Event: 1055.190 GC heap after
{Heap after GC invocations=867 (full 746):
 PSYoungGen      total 47104K, used 28671K [0x00000000f5580000, 0x00000000f9a00000, 0x0000000100000000)
  eden space 28672K, 99% used [0x00000000f5580000,0x00000000f717fff0,0x00000000f7180000)
  from space 18432K, 0% used [0x00000000f8800000,0x00000000f8800000,0x00000000f9a00000)
  to   space 15360K, 0% used [0x00000000f7180000,0x00000000f7180000,0x00000000f8080000)
 ParOldGen       total 349696K, used 349695K [0x00000000e0000000, 0x00000000f5580000, 0x00000000f5580000)
  object space 349696K, 99% used [0x00000000e0000000,0x00000000f557fd00,0x00000000f5580000)
 Metaspace       used 53614K, committed 54400K, reserved 1097728K
  class space    used 5416K, committed 5760K, reserved 1048576K
}
Event: 1055.190 GC heap before
{Heap before GC invocations=868 (full 747):
 PSYoungGen      total 47104K, used 28671K [0x00000000f5580000, 0x00000000f9a00000, 0x0000000100000000)
  eden space 28672K, 99% used [0x00000000f5580000,0x00000000f717fff0,0x00000000f7180000)
  from space 18432K, 0% used [0x00000000f8800000,0x00000000f8800000,0x00000000f9a00000)
  to   space 15360K, 0% used [0x00000000f7180000,0x00000000f7180000,0x00000000f8080000)
 ParOldGen       total 349696K, used 349695K [0x00000000e0000000, 0x00000000f5580000, 0x00000000f5580000)
  object space 349696K, 99% used [0x00000000e0000000,0x00000000f557fe70,0x00000000f5580000)
 Metaspace       used 53614K, committed 54400K, reserved 1097728K
  class space    used 5416K, committed 5760K, reserved 1048576K
}
Event: 1056.374 GC heap after
{Heap after GC invocations=868 (full 747):
 PSYoungGen      total 44032K, used 28671K [0x00000000f5580000, 0x00000000f9a00000, 0x0000000100000000)
  eden space 28672K, 99% used [0x00000000f5580000,0x00000000f717fff0,0x00000000f7180000)
  from space 15360K, 0% used [0x00000000f7180000,0x00000000f7180000,0x00000000f8080000)
  to   space 18432K, 0% used [0x00000000f8800000,0x00000000f8800000,0x00000000f9a00000)
 ParOldGen       total 349696K, used 349695K [0x00000000e0000000, 0x00000000f5580000, 0x00000000f5580000)
  object space 349696K, 99% used [0x00000000e0000000,0x00000000f557fda8,0x00000000f5580000)
 Metaspace       used 53614K, committed 54400K, reserved 1097728K
  class space    used 5416K, committed 5760K, reserved 1048576K
}
Event: 1056.374 GC heap before
{Heap before GC invocations=869 (full 748):
 PSYoungGen      total 44032K, used 28671K [0x00000000f5580000, 0x00000000f9a00000, 0x0000000100000000)
  eden space 28672K, 99% used [0x00000000f5580000,0x00000000f717fff0,0x00000000f7180000)
  from space 15360K, 0% used [0x00000000f7180000,0x00000000f7180000,0x00000000f8080000)
  to   space 18432K, 0% used [0x00000000f8800000,0x00000000f8800000,0x00000000f9a00000)
 ParOldGen       total 349696K, used 349695K [0x00000000e0000000, 0x00000000f5580000, 0x00000000f5580000)
  object space 349696K, 99% used [0x00000000e0000000,0x00000000f557fda8,0x00000000f5580000)
 Metaspace       used 53614K, committed 54400K, reserved 1097728K
  class space    used 5416K, committed 5760K, reserved 1048576K
}
Event: 1057.578 GC heap after
{Heap after GC invocations=869 (full 748):
 PSYoungGen      total 47104K, used 28671K [0x00000000f5580000, 0x00000000f9a00000, 0x0000000100000000)
  eden space 28672K, 99% used [0x00000000f5580000,0x00000000f717fff0,0x00000000f7180000)
  from space 18432K, 0% used [0x00000000f8800000,0x00000000f8800000,0x00000000f9a00000)
  to   space 15360K, 0% used [0x00000000f7180000,0x00000000f7180000,0x00000000f8080000)
 ParOldGen       total 349696K, used 349695K [0x00000000e0000000, 0x00000000f5580000, 0x00000000f5580000)
  object space 349696K, 99% used [0x00000000e0000000,0x00000000f557fda8,0x00000000f5580000)
 Metaspace       used 53614K, committed 54400K, reserved 1097728K
  class space    used 5416K, committed 5760K, reserved 1048576K
}

