# JRE version: OpenJDK Runtime Environment GraalVM CE 22.3.0 (17.0.5+8) (build 17.0.5+8-jvmci-22.3-b08)
# Java VM: OpenJDK 64-Bit Server VM GraalVM CE 22.3.0 (17.0.5+8-jvmci-22.3-b08, mixed mode, sharing, tiered, jvmci, jvmci compiler, compressed oops, compressed class ptrs, parallel gc, linux-amd64)
GC Precious Log:
 CPUs: 8 total, 1 available
 Memory: 1024M
 Large Page Support: Disabled
 NUMA Support: Disabled
 Compressed Oops: Enabled (32-bit)
 Alignments: Space 512K, Generation 512K, Heap 2M
 Heap Min Capacity: 100M
 Heap Initial Capacity: 100M
 Heap Max Capacity: 512M
 Pre-touch: Disabled
 Parallel Workers: 1
Heap:
 PSYoungGen      total 24064K, used 18943K [0x00000000f5580000, 0x00000000f7400000, 0x0000000100000000)
  eden space 18944K, 99% used [0x00000000f5580000,0x00000000f67ffff8,0x00000000f6800000)
  from space 5120K, 0% used [0x00000000f6800000,0x00000000f6800000,0x00000000f6d00000)
  to   space 5632K, 0% used [0x00000000f6e00000,0x00000000f6e00000,0x00000000f7380000)
 ParOldGen       total 349696K, used 349694K [0x00000000e0000000, 0x00000000f5580000, 0x00000000f5580000)
  object space 349696K, 99% used [0x00000000e0000000,0x00000000f557fba8,0x00000000f5580000)
 Metaspace       used 57985K, committed 58752K, reserved 1105920K
  class space    used 5660K, committed 5952K, reserved 1048576K
GC Heap History (20 events):
Event: 1245.631 GC heap before
{Heap before GC invocations=943 (full 850):
 PSYoungGen      total 24064K, used 18944K [0x00000000f5580000, 0x00000000f7400000, 0x0000000100000000)
  eden space 18944K, 100% used [0x00000000f5580000,0x00000000f6800000,0x00000000f6800000)
  from space 5120K, 0% used [0x00000000f6800000,0x00000000f6800000,0x00000000f6d00000)
  to   space 5632K, 0% used [0x00000000f6e00000,0x00000000f6e00000,0x00000000f7380000)
 ParOldGen       total 349696K, used 349693K [0x00000000e0000000, 0x00000000f5580000, 0x00000000f5580000)
  object space 349696K, 99% used [0x00000000e0000000,0x00000000f557f4d0,0x00000000f5580000)
 Metaspace       used 57985K, committed 58752K, reserved 1105920K
  class space    used 5660K, committed 5952K, reserved 1048576K
}
Event: 1247.058 GC heap after
{Heap after GC invocations=943 (full 850):
 PSYoungGen      total 24576K, used 18943K [0x00000000f5580000, 0x00000000f7400000, 0x0000000100000000)
  eden space 18944K, 99% used [0x00000000f5580000,0x00000000f67fffe0,0x00000000f6800000)
  from space 5632K, 0% used [0x00000000f6e00000,0x00000000f6e00000,0x00000000f7380000)
  to   space 5120K, 0% used [0x00000000f6800000,0x00000000f6800000,0x00000000f6d00000)
 ParOldGen       total 349696K, used 349693K [0x00000000e0000000, 0x00000000f5580000, 0x00000000f5580000)
  object space 349696K, 99% used [0x00000000e0000000,0x00000000f557f498,0x00000000f5580000)
 Metaspace       used 57985K, committed 58752K, reserved 1105920K
  class space    used 5660K, committed 5952K, reserved 1048576K
}
Event: 1247.058 GC heap before
{Heap before GC invocations=944 (full 851):
 PSYoungGen      total 24576K, used 18943K [0x00000000f5580000, 0x00000000f7400000, 0x0000000100000000)
  eden space 18944K, 99% used [0x00000000f5580000,0x00000000f67ffff8,0x00000000f6800000)
  from space 5632K, 0% used [0x00000000f6e00000,0x00000000f6e00000,0x00000000f7380000)
  to   space 5120K, 0% used [0x00000000f6800000,0x00000000f6800000,0x00000000f6d00000)
 ParOldGen       total 349696K, used 349693K [0x00000000e0000000, 0x00000000f5580000, 0x00000000f5580000)
  object space 349696K, 99% used [0x00000000e0000000,0x00000000f557f498,0x00000000f5580000)
 Metaspace       used 57985K, committed 58752K, reserved 1105920K
  class space    used 5660K, committed 5952K, reserved 1048576K
}
Event: 1248.370 GC heap after
{Heap after GC invocations=944 (full 851):
 PSYoungGen      total 24064K, used 18943K [0x00000000f5580000, 0x00000000f7400000, 0x0000000100000000)
  eden space 18944K, 99% used [0x00000000f5580000,0x00000000f67ffff8,0x00000000f6800000)
  from space 5120K, 0% used [0x00000000f6800000,0x00000000f6800000,0x00000000f6d00000)
  to   space 5632K, 0% used [0x00000000f6e00000,0x00000000f6e00000,0x00000000f7380000)
 ParOldGen       total 349696K, used 349693K [0x00000000e0000000, 0x00000000f5580000, 0x00000000f5580000)
  object space 349696K, 99% used [0x00000000e0000000,0x00000000f557f498,0x00000000f5580000)
 Metaspace       used 57985K, committed 58752K, reserved 1105920K
  class space    used 5660K, committed 5952K, reserved 1048576K
}
Event: 1248.371 GC heap before
{Heap before GC invocations=945 (full 852):
 PSYoungGen      total 24064K, used 18943K [0x00000000f5580000, 0x00000000f7400000, 0x0000000100000000)
  eden space 18944K, 99% used [0x00000000f5580000,0x00000000f67ffff8,0x00000000f6800000)
  from space 5120K, 0% used [0x00000000f6800000,0x00000000f6800000,0x00000000f6d00000)
  to   space 5632K, 0% used [0x00000000f6e00000,0x00000000f6e00000,0x00000000f7380000)
 ParOldGen       total 349696K, used 349695K [0x00000000e0000000, 0x00000000f5580000, 0x00000000f5580000)
  object space 349696K, 99% used [0x00000000e0000000,0x00000000f557fc88,0x00000000f5580000)
 Metaspace       used 57985K, committed 58752K, reserved 1105920K
  class space    used 5660K, committed 5952K, reserved 1048576K
}
Event: 1249.847 GC heap after
{Heap after GC invocations=945 (full 852):
 PSYoungGen      total 24576K, used 18943K [0x00000000f5580000, 0x00000000f7400000, 0x0000000100000000)
  eden space 18944K, 99% used [0x00000000f5580000,0x00000000f67ffff8,0x00000000f6800000)
  from space 5632K, 0% used [0x00000000f6e00000,0x00000000f6e00000,0x00000000f7380000)
  to   space 5120K, 0% used [0x00000000f6800000,0x00000000f6800000,0x00000000f6d00000)
 ParOldGen       total 349696K, used 349693K [0x00000000e0000000, 0x00000000f5580000, 0x00000000f5580000)
  object space 349696K, 99% used [0x00000000e0000000,0x00000000f557f6f0,0x00000000f5580000)
 Metaspace       used 57985K, committed 58752K, reserved 1105920K
  class space    used 5660K, committed 5952K, reserved 1048576K
}
Event: 1249.852 GC heap before
{Heap before GC invocations=946 (full 853):
 PSYoungGen      total 24576K, used 18943K [0x00000000f5580000, 0x00000000f7400000, 0x0000000100000000)
  eden space 18944K, 99% used [0x00000000f5580000,0x00000000f67ffff8,0x00000000f6800000)
  from space 5632K, 0% used [0x00000000f6e00000,0x00000000f6e00000,0x00000000f7380000)
  to   space 5120K, 0% used [0x00000000f6800000,0x00000000f6800000,0x00000000f6d00000)
 ParOldGen       total 349696K, used 349695K [0x00000000e0000000, 0x00000000f5580000, 0x00000000f5580000)
  object space 349696K, 99% used [0x00000000e0000000,0x00000000f557fe28,0x00000000f5580000)
 Metaspace       used 57985K, committed 58752K, reserved 1105920K
  class space    used 5660K, committed 5952K, reserved 1048576K
}
Event: 1251.123 GC heap after
{Heap after GC invocations=946 (full 853):
 PSYoungGen      total 24064K, used 18943K [0x00000000f5580000, 0x00000000f7400000, 0x0000000100000000)
  eden space 18944K, 99% used [0x00000000f5580000,0x00000000f67ffff8,0x00000000f6800000)
  from space 5120K, 0% used [0x00000000f6800000,0x00000000f6800000,0x00000000f6d00000)
  to   space 5632K, 0% used [0x00000000f6e00000,0x00000000f6e00000,0x00000000f7380000)
 ParOldGen       total 349696K, used 349695K [0x00000000e0000000, 0x00000000f5580000, 0x00000000f5580000)
  object space 349696K, 99% used [0x00000000e0000000,0x00000000f557fc58,0x00000000f5580000)
 Metaspace       used 57985K, committed 58752K, reserved 1105920K
  class space    used 5660K, committed 5952K, reserved 1048576K
}
Event: 1251.124 GC heap before
{Heap before GC invocations=947 (full 854):
 PSYoungGen      total 24064K, used 18943K [0x00000000f5580000, 0x00000000f7400000, 0x0000000100000000)
  eden space 18944K, 99% used [0x00000000f5580000,0x00000000f67ffff8,0x00000000f6800000)
  from space 5120K, 0% used [0x00000000f6800000,0x00000000f6800000,0x00000000f6d00000)
  to   space 5632K, 0% used [0x00000000f6e00000,0x00000000f6e00000,0x00000000f7380000)
 ParOldGen       total 349696K, used 349695K [0x00000000e0000000, 0x00000000f5580000, 0x00000000f5580000)
  object space 349696K, 99% used [0x00000000e0000000,0x00000000f557ffb8,0x00000000f5580000)
 Metaspace       used 57985K, committed 58752K, reserved 1105920K
  class space    used 5660K, committed 5952K, reserved 1048576K
}
Event: 1252.908 GC heap after
{Heap after GC invocations=947 (full 854):
 PSYoungGen      total 24576K, used 18943K [0x00000000f5580000, 0x00000000f7400000, 0x0000000100000000)
  eden space 18944K, 99% used [0x00000000f5580000,0x00000000f67ffff8,0x00000000f6800000)
  from space 5632K, 0% used [0x00000000f6e00000,0x00000000f6e00000,0x00000000f7380000)
  to   space 5120K, 0% used [0x00000000f6800000,0x00000000f6800000,0x00000000f6d00000)
 ParOldGen       total 349696K, used 349689K [0x00000000e0000000, 0x00000000f5580000, 0x00000000f5580000)
  object space 349696K, 99% used [0x00000000e0000000,0x00000000f557e510,0x00000000f5580000)
 Metaspace       used 57985K, committed 58752K, reserved 1105920K
  class space    used 5660K, committed 5952K, reserved 1048576K
}
Event: 1252.908 GC heap before
{Heap before GC invocations=948 (full 855):
 PSYoungGen      total 24576K, used 18943K [0x00000000f5580000, 0x00000000f7400000, 0x0000000100000000)
  eden space 18944K, 99% used [0x00000000f5580000,0x00000000f67ffff8,0x00000000f6800000)
  from space 5632K, 0% used [0x00000000f6e00000,0x00000000f6e00000,0x00000000f7380000)
  to   space 5120K, 0% used [0x00000000f6800000,0x00000000f6800000,0x00000000f6d00000)
 ParOldGen       total 349696K, used 349690K [0x00000000e0000000, 0x00000000f5580000, 0x00000000f5580000)
  object space 349696K, 99% used [0x00000000e0000000,0x00000000f557eb60,0x00000000f5580000)
 Metaspace       used 57985K, committed 58752K, reserved 1105920K
  class space    used 5660K, committed 5952K, reserved 1048576K
}
Event: 1254.513 GC heap after
{Heap after GC invocations=948 (full 855):
 PSYoungGen      total 24064K, used 18943K [0x00000000f5580000, 0x00000000f7400000, 0x0000000100000000)
  eden space 18944K, 99% used [0x00000000f5580000,0x00000000f67ffff8,0x00000000f6800000)
  from space 5120K, 0% used [0x00000000f6800000,0x00000000f6800000,0x00000000f6d00000)
  to   space 5632K, 0% used [0x00000000f6e00000,0x00000000f6e00000,0x00000000f7380000)
 ParOldGen       total 349696K, used 349690K [0x00000000e0000000, 0x00000000f5580000, 0x00000000f5580000)
  object space 349696K, 99% used [0x00000000e0000000,0x00000000f557eac0,0x00000000f5580000)
 Metaspace       used 57985K, committed 58752K, reserved 1105920K
  class space    used 5660K, committed 5952K, reserved 1048576K
}
Event: 1254.521 GC heap before
{Heap before GC invocations=949 (full 856):
 PSYoungGen      total 24064K, used 18943K [0x00000000f5580000, 0x00000000f7400000, 0x0000000100000000)
  eden space 18944K, 99% used [0x00000000f5580000,0x00000000f67ffff8,0x00000000f6800000)
  from space 5120K, 0% used [0x00000000f6800000,0x00000000f6800000,0x00000000f6d00000)
  to   space 5632K, 0% used [0x00000000f6e00000,0x00000000f6e00000,0x00000000f7380000)
 ParOldGen       total 349696K, used 349692K [0x00000000e0000000, 0x00000000f5580000, 0x00000000f5580000)
  object space 349696K, 99% used [0x00000000e0000000,0x00000000f557f298,0x00000000f5580000)
 Metaspace       used 57985K, committed 58752K, reserved 1105920K
  class space    used 5660K, committed 5952K, reserved 1048576K
}
Event: 1256.067 GC heap after
{Heap after GC invocations=949 (full 856):
 PSYoungGen      total 24576K, used 18943K [0x00000000f5580000, 0x00000000f7400000, 0x0000000100000000)
  eden space 18944K, 99% used [0x00000000f5580000,0x00000000f67ffff8,0x00000000f6800000)
  from space 5632K, 0% used [0x00000000f6e00000,0x00000000f6e00000,0x00000000f7380000)
  to   space 5120K, 0% used [0x00000000f6800000,0x00000000f6800000,0x00000000f6d00000)
 ParOldGen       total 349696K, used 349692K [0x00000000e0000000, 0x00000000f5580000, 0x00000000f5580000)
  object space 349696K, 99% used [0x00000000e0000000,0x00000000f557f148,0x00000000f5580000)
 Metaspace       used 57985K, committed 58752K, reserved 1105920K
  class space    used 5660K, committed 5952K, reserved 1048576K
}
Event: 1256.068 GC heap before
{Heap before GC invocations=950 (full 857):
 PSYoungGen      total 24576K, used 18943K [0x00000000f5580000, 0x00000000f7400000, 0x0000000100000000)
  eden space 18944K, 99% used [0x00000000f5580000,0x00000000f67ffff8,0x00000000f6800000)
  from space 5632K, 0% used [0x00000000f6e00000,0x00000000f6e00000,0x00000000f7380000)
  to   space 5120K, 0% used [0x00000000f6800000,0x00000000f6800000,0x00000000f6d00000)
 ParOldGen       total 349696K, used 349694K [0x00000000e0000000, 0x00000000f5580000, 0x00000000f5580000)
  object space 349696K, 99% used [0x00000000e0000000,0x00000000f557f828,0x00000000f5580000)
 Metaspace       used 57985K, committed 58752K, reserved 1105920K
  class space    used 5660K, committed 5952K, reserved 1048576K
}
Event: 1257.491 GC heap after
{Heap after GC invocations=950 (full 857):
 PSYoungGen      total 24064K, used 18943K [0x00000000f5580000, 0x00000000f7400000, 0x0000000100000000)
  eden space 18944K, 99% used [0x00000000f5580000,0x00000000f67ffff8,0x00000000f6800000)
  from space 5120K, 0% used [0x00000000f6800000,0x00000000f6800000,0x00000000f6d00000)
  to   space 5632K, 0% used [0x00000000f6e00000,0x00000000f6e00000,0x00000000f7380000)
 ParOldGen       total 349696K, used 349693K [0x00000000e0000000, 0x00000000f5580000, 0x00000000f5580000)
  object space 349696K, 99% used [0x00000000e0000000,0x00000000f557f5f0,0x00000000f5580000)
 Metaspace       used 57985K, committed 58752K, reserved 1105920K
  class space    used 5660K, committed 5952K, reserved 1048576K
}
Event: 1257.492 GC heap before
{Heap before GC invocations=951 (full 858):
 PSYoungGen      total 24064K, used 18943K [0x00000000f5580000, 0x00000000f7400000, 0x0000000100000000)
  eden space 18944K, 99% used [0x00000000f5580000,0x00000000f67ffff8,0x00000000f6800000)
  from space 5120K, 0% used [0x00000000f6800000,0x00000000f6800000,0x00000000f6d00000)
  to   space 5632K, 0% used [0x00000000f6e00000,0x00000000f6e00000,0x00000000f7380000)
 ParOldGen       total 349696K, used 349693K [0x00000000e0000000, 0x00000000f5580000, 0x00000000f5580000)
  object space 349696K, 99% used [0x00000000e0000000,0x00000000f557f6a8,0x00000000f5580000)
 Metaspace       used 57985K, committed 58752K, reserved 1105920K
  class space    used 5660K, committed 5952K, reserved 1048576K
}
Event: 1258.949 GC heap after
{Heap after GC invocations=951 (full 858):
 PSYoungGen      total 24576K, used 18943K [0x00000000f5580000, 0x00000000f7400000, 0x0000000100000000)
  eden space 18944K, 99% used [0x00000000f5580000,0x00000000f67ffff8,0x00000000f6800000)
  from space 5632K, 0% used [0x00000000f6e00000,0x00000000f6e00000,0x00000000f7380000)
  to   space 5120K, 0% used [0x00000000f6800000,0x00000000f6800000,0x00000000f6d00000)
 ParOldGen       total 349696K, used 349693K [0x00000000e0000000, 0x00000000f5580000, 0x00000000f5580000)
  object space 349696K, 99% used [0x00000000e0000000,0x00000000f557f608,0x00000000f5580000)
 Metaspace       used 57985K, committed 58752K, reserved 1105920K
  class space    used 5660K, committed 5952K, reserved 1048576K
}
Event: 1258.949 GC heap before
{Heap before GC invocations=952 (full 859):
 PSYoungGen      total 24576K, used 18943K [0x00000000f5580000, 0x00000000f7400000, 0x0000000100000000)
  eden space 18944K, 99% used [0x00000000f5580000,0x00000000f67ffff8,0x00000000f6800000)
  from space 5632K, 0% used [0x00000000f6e00000,0x00000000f6e00000,0x00000000f7380000)
  to   space 5120K, 0% used [0x00000000f6800000,0x00000000f6800000,0x00000000f6d00000)
 ParOldGen       total 349696K, used 349693K [0x00000000e0000000, 0x00000000f5580000, 0x00000000f5580000)
  object space 349696K, 99% used [0x00000000e0000000,0x00000000f557f608,0x00000000f5580000)
 Metaspace       used 57985K, committed 58752K, reserved 1105920K
  class space    used 5660K, committed 5952K, reserved 1048576K
}
Event: 1260.421 GC heap after
{Heap after GC invocations=952 (full 859):
 PSYoungGen      total 24064K, used 18943K [0x00000000f5580000, 0x00000000f7400000, 0x0000000100000000)
  eden space 18944K, 99% used [0x00000000f5580000,0x00000000f67ffff8,0x00000000f6800000)
  from space 5120K, 0% used [0x00000000f6800000,0x00000000f6800000,0x00000000f6d00000)
  to   space 5632K, 0% used [0x00000000f6e00000,0x00000000f6e00000,0x00000000f7380000)
 ParOldGen       total 349696K, used 349693K [0x00000000e0000000, 0x00000000f5580000, 0x00000000f5580000)
  object space 349696K, 99% used [0x00000000e0000000,0x00000000f557f5c8,0x00000000f5580000)
 Metaspace       used 57985K, committed 58752K, reserved 1105920K
  class space    used 5660K, committed 5952K, reserved 1048576K
}

